Using pre-set license

 COMMAND LINE ARGUMENTS:
/Applications/Unity/Hub/Editor/2021.1.6f1/Unity.app/Contents/MacOS/Unity
-adb2
-batchMode
-noUpm
-name
AssetImportWorker0
-projectPath
/Users/edwardcox/crypto/encode/cryptoJenga/TowerStack/My project
-logFile
Logs/AssetImportWorker0.log
-srvPort
55759
Successfully changed project path to: /Users/edwardcox/crypto/encode/cryptoJenga/TowerStack/My project
/Users/edwardcox/crypto/encode/cryptoJenga/TowerStack/My project
Using Asset Import Pipeline V2.
Refreshing native plugins compatible for Editor in 97.32 ms, found 1 plugins.
Preloading 0 native plugins for Editor in 0.00 ms.
Initialize engine version: 2021.1.6f1 (c0fade0cc7e9)
[Subsystems] Discovering subsystems at path /Applications/Unity/Hub/Editor/2021.1.6f1/Unity.app/Contents/Resources/UnitySubsystems
[Subsystems] Discovering subsystems at path /Users/edwardcox/crypto/encode/cryptoJenga/TowerStack/My project/Assets
GfxDevice: creating device client; threaded=0; jobified=0
2022-08-27 18:23:26.190 Unity[13913:1893744] Color LCD preferred device: AMD Radeon R9 M370X (high power)
2022-08-27 18:23:26.190 Unity[13913:1893744] Metal devices available: 2
2022-08-27 18:23:26.190 Unity[13913:1893744] 0: AMD Radeon R9 M370X (high power)
2022-08-27 18:23:26.190 Unity[13913:1893744] 1: Intel Iris Pro Graphics (low power)
2022-08-27 18:23:26.192 Unity[13913:1893744] Using device AMD Radeon R9 M370X (high power)
Initializing Metal device caps: AMD Radeon R9 M370X
Initialize mono
Mono path[0] = '/Applications/Unity/Hub/Editor/2021.1.6f1/Unity.app/Contents/Managed'
Mono path[1] = '/Applications/Unity/Hub/Editor/2021.1.6f1/Unity.app/Contents/MonoBleedingEdge/lib/mono/unityjit'
Mono config path = '/Applications/Unity/Hub/Editor/2021.1.6f1/Unity.app/Contents/MonoBleedingEdge/etc'
Using monoOptions --debugger-agent=transport=dt_socket,embedding=1,server=y,suspend=n,address=127.0.0.1:56913
Begin MonoManager ReloadAssembly
Registering precompiled unity dll's ...
Register platform support module: /Applications/Unity/Hub/Editor/2021.1.6f1/PlaybackEngines/WebGLSupport/UnityEditor.WebGL.Extensions.dll
Register platform support module: /Applications/Unity/Hub/Editor/2021.1.6f1/Unity.app/Contents/PlaybackEngines/MacStandaloneSupport/UnityEditor.OSXStandalone.Extensions.dll
Registered in 0.000542 seconds.
Native extension for OSXStandalone target not found
Native extension for WebGL target not found
Refreshing native plugins compatible for Editor in 93.33 ms, found 1 plugins.
Preloading 0 native plugins for Editor in 0.00 ms.
Mono: successfully reloaded assembly
- Completed reload, in  3.596 seconds
Platform modules already initialized, skipping
Registering precompiled user dll's ...
Registered in 0.002455 seconds.
Begin MonoManager ReloadAssembly
Native extension for OSXStandalone target not found
Native extension for WebGL target not found
Refreshing native plugins compatible for Editor in 0.70 ms, found 1 plugins.
Preloading 0 native plugins for Editor in 0.00 ms.
Mono: successfully reloaded assembly
- Completed reload, in  1.409 seconds
Platform modules already initialized, skipping
========================================================================
Worker process is ready to serve import requests
Launching external process: /Applications/Unity/Hub/Editor/2021.1.6f1/Unity.app/Contents/Tools/UnityShaderCompiler
Launched and connected shader compiler UnityShaderCompiler after 0.02 seconds
Refreshing native plugins compatible for Editor in 0.63 ms, found 1 plugins.
Preloading 0 native plugins for Editor in 0.00 ms.
Unloading 2780 Unused Serialized files (Serialized files now loaded: 0)
System memory in use before: 183.6 MB.
System memory in use after: 183.8 MB.

Unloading 24 unused Assets to reduce memory usage. Loaded Objects now: 3225.
Total: 3.059811 ms (FindLiveObjects: 0.313533 ms CreateObjectMapping: 0.263928 ms MarkObjects: 2.409355 ms  DeleteObjects: 0.071830 ms)

========================================================================
Received Import Request.
  path: Assets/Web3Unity/Scenes/ContractForm.unity
  artifactKey: Guid(3d15a9d06340c4aa3ad1cfddda23d0bc) Importer(815301076,1909f56bfc062723c751e8b465ee728b)
Start importing Assets/Web3Unity/Scenes/ContractForm.unity using Guid(3d15a9d06340c4aa3ad1cfddda23d0bc) Importer(815301076,1909f56bfc062723c751e8b465ee728b)  -> (artifact id: 'e4610a12852c580cdc5a3c336dddea03') in 0.014435 seconds 
========================================================================
Received Prepare
Refreshing native plugins compatible for Editor in 2.50 ms, found 1 plugins.
Preloading 0 native plugins for Editor in 0.00 ms.
Unloading 17 Unused Serialized files (Serialized files now loaded: 0)
System memory in use before: 128.7 MB.
System memory in use after: 129.0 MB.

Unloading 17 unused Assets to reduce memory usage. Loaded Objects now: 3225.
Total: 2.864514 ms (FindLiveObjects: 0.299974 ms CreateObjectMapping: 0.125465 ms MarkObjects: 2.423495 ms  DeleteObjects: 0.014710 ms)

========================================================================
Received Prepare
Registering precompiled user dll's ...
Registered in 0.004955 seconds.
Begin MonoManager ReloadAssembly
Native extension for OSXStandalone target not found
Native extension for WebGL target not found
Refreshing native plugins compatible for Editor in 1.04 ms, found 1 plugins.
Preloading 0 native plugins for Editor in 0.00 ms.
Mono: successfully reloaded assembly
- Completed reload, in  3.211 seconds
Platform modules already initialized, skipping
Refreshing native plugins compatible for Editor in 1.07 ms, found 1 plugins.
Preloading 0 native plugins for Editor in 0.00 ms.
Unloading 2774 Unused Serialized files (Serialized files now loaded: 0)
System memory in use before: 183.6 MB.
System memory in use after: 183.8 MB.

Unloading 19 unused Assets to reduce memory usage. Loaded Objects now: 3228.
Total: 3.999599 ms (FindLiveObjects: 0.446533 ms CreateObjectMapping: 0.220838 ms MarkObjects: 3.274510 ms  DeleteObjects: 0.055741 ms)

========================================================================
Received Prepare
Registering precompiled user dll's ...
Registered in 0.004716 seconds.
Begin MonoManager ReloadAssembly
Native extension for OSXStandalone target not found
Native extension for WebGL target not found
Refreshing native plugins compatible for Editor in 1.00 ms, found 1 plugins.
Preloading 0 native plugins for Editor in 0.00 ms.
Mono: successfully reloaded assembly
- Completed reload, in  2.659 seconds
Platform modules already initialized, skipping
Refreshing native plugins compatible for Editor in 1.03 ms, found 1 plugins.
Preloading 0 native plugins for Editor in 0.00 ms.
Unloading 2774 Unused Serialized files (Serialized files now loaded: 0)
System memory in use before: 184.0 MB.
System memory in use after: 184.2 MB.

Unloading 19 unused Assets to reduce memory usage. Loaded Objects now: 3231.
Total: 4.636500 ms (FindLiveObjects: 0.466790 ms CreateObjectMapping: 0.389593 ms MarkObjects: 3.736006 ms  DeleteObjects: 0.042286 ms)

========================================================================
Received Prepare
Registering precompiled user dll's ...
Registered in 0.002729 seconds.
Begin MonoManager ReloadAssembly
Native extension for OSXStandalone target not found
Native extension for WebGL target not found
Refreshing native plugins compatible for Editor in 0.73 ms, found 1 plugins.
Preloading 0 native plugins for Editor in 0.00 ms.
Mono: successfully reloaded assembly
- Completed reload, in  1.524 seconds
Platform modules already initialized, skipping
Refreshing native plugins compatible for Editor in 0.75 ms, found 1 plugins.
Preloading 0 native plugins for Editor in 0.00 ms.
Unloading 2774 Unused Serialized files (Serialized files now loaded: 0)
System memory in use before: 184.2 MB.
System memory in use after: 184.4 MB.

Unloading 19 unused Assets to reduce memory usage. Loaded Objects now: 3234.
Total: 3.563182 ms (FindLiveObjects: 0.366684 ms CreateObjectMapping: 0.317810 ms MarkObjects: 2.845552 ms  DeleteObjects: 0.031300 ms)

========================================================================
Received Prepare
Refreshing native plugins compatible for Editor in 2.94 ms, found 1 plugins.
Preloading 0 native plugins for Editor in 0.00 ms.
Unloading 17 Unused Serialized files (Serialized files now loaded: 0)
System memory in use before: 129.6 MB.
System memory in use after: 129.9 MB.

Unloading 17 unused Assets to reduce memory usage. Loaded Objects now: 3234.
Total: 2.790562 ms (FindLiveObjects: 0.322417 ms CreateObjectMapping: 0.137674 ms MarkObjects: 2.314012 ms  DeleteObjects: 0.015393 ms)

AssetImportWorkerClient::OnTransportError - code=2 error=End of file
