Using pre-set license

 COMMAND LINE ARGUMENTS:
/Applications/Unity/Hub/Editor/2021.1.6f1/Unity.app/Contents/MacOS/Unity
-adb2
-batchMode
-noUpm
-name
AssetImportWorker2
-projectPath
/Users/edwardcox/crypto/encode/cryptoJenga/TowerStack/My project
-logFile
Logs/AssetImportWorker2.log
-srvPort
49337
Successfully changed project path to: /Users/edwardcox/crypto/encode/cryptoJenga/TowerStack/My project
/Users/edwardcox/crypto/encode/cryptoJenga/TowerStack/My project
Using Asset Import Pipeline V2.
Refreshing native plugins compatible for Editor in 580.98 ms, found 1 plugins.
Preloading 0 native plugins for Editor in 0.00 ms.
Initialize engine version: 2021.1.6f1 (c0fade0cc7e9)
[Subsystems] Discovering subsystems at path /Applications/Unity/Hub/Editor/2021.1.6f1/Unity.app/Contents/Resources/UnitySubsystems
[Subsystems] Discovering subsystems at path /Users/edwardcox/crypto/encode/cryptoJenga/TowerStack/My project/Assets
GfxDevice: creating device client; threaded=0; jobified=0
2022-08-28 13:20:05.594 Unity[29924:996391] Color LCD preferred device: AMD Radeon R9 M370X (high power)
2022-08-28 13:20:05.594 Unity[29924:996391] Metal devices available: 2
2022-08-28 13:20:05.594 Unity[29924:996391] 0: AMD Radeon R9 M370X (high power)
2022-08-28 13:20:05.594 Unity[29924:996391] 1: Intel Iris Pro Graphics (low power)
2022-08-28 13:20:05.602 Unity[29924:996391] Using device AMD Radeon R9 M370X (high power)
Initializing Metal device caps: AMD Radeon R9 M370X
Initialize mono
Mono path[0] = '/Applications/Unity/Hub/Editor/2021.1.6f1/Unity.app/Contents/Managed'
Mono path[1] = '/Applications/Unity/Hub/Editor/2021.1.6f1/Unity.app/Contents/MonoBleedingEdge/lib/mono/unityjit'
Mono config path = '/Applications/Unity/Hub/Editor/2021.1.6f1/Unity.app/Contents/MonoBleedingEdge/etc'
Using monoOptions --debugger-agent=transport=dt_socket,embedding=1,server=y,suspend=n,address=127.0.0.1:56924
Begin MonoManager ReloadAssembly
Registering precompiled unity dll's ...
Register platform support module: /Applications/Unity/Hub/Editor/2021.1.6f1/PlaybackEngines/WebGLSupport/UnityEditor.WebGL.Extensions.dll
Register platform support module: /Applications/Unity/Hub/Editor/2021.1.6f1/Unity.app/Contents/PlaybackEngines/MacStandaloneSupport/UnityEditor.OSXStandalone.Extensions.dll
Registered in 0.002224 seconds.
Native extension for OSXStandalone target not found
Native extension for WebGL target not found
Refreshing native plugins compatible for Editor in 485.00 ms, found 1 plugins.
Preloading 0 native plugins for Editor in 0.00 ms.
Mono: successfully reloaded assembly
- Completed reload, in 15.285 seconds
Platform modules already initialized, skipping
Registering precompiled user dll's ...
Registered in 0.012883 seconds.
Begin MonoManager ReloadAssembly
Native extension for OSXStandalone target not found
Native extension for WebGL target not found
Refreshing native plugins compatible for Editor in 3.03 ms, found 1 plugins.
Preloading 0 native plugins for Editor in 0.00 ms.
